     1                                  bits 32
     2                                  
     3                                  global start
     4                                  
     5                                  extern exit, scanf, printf, fopen, fclose, fread, fprintf
     6                                  import exit msvcrt.dll
     7                                  import scanf msvcrt.dll
     8                                  import printf msvcrt.dll
     9                                  import fopen msvcrt.dll
    10                                  import fclose msvcrt.dll
    11                                  import fread msvcrt.dll
    12                                  import fprintf msvcrt.dll
    13                                  
    14                                  segment data use32 class=data
    15 00000000 4E756D61723A202564-         format_afisare dd "Numar: %d", 0
    15 00000009 00000000000000     
    16                                      
    17 00000010 6C6162385F32372E74-         denumire_fisier dd "lab8_27.txt", 0
    17 00000019 78740000000000     
    18 00000020 612B000000000000            mod_acces dd "a+", 0
    19 00000028 00000000                    descriptor_fisier dd 0
    20                                  
    21                                      
    22                                      len equ 100
    23 0000002C 00<rept>                    text times len db 0
    24 00000090 00000000                    lungime_sir dd 0
    25                                      
    26 00000094 00000000                    numar dd 0
    27 00000098 0A00                        zece dw 10
    28                                  
    29                                  segment code use32 class=code
    30                                      start:
    31                                          ;DESCHIDEM FISIERUL
    32 00000000 68[20000000]                    push dword mod_acces
    33 00000005 68[10000000]                    push dword denumire_fisier
    34 0000000A FF15[00000000]                  call [fopen]
    35 00000010 83C408                          add esp, 4*2
    36                                          
    37 00000013 83F800                          cmp eax, 0
    38 00000016 0F849D000000                    je Sfarsit
    39                                          
    40 0000001C A3[28000000]                    mov [descriptor_fisier], eax
    41                                          
    42                                          ;CITIM DIN FISIER
    43                                          
    44 00000021 FF35[28000000]                  push dword [descriptor_fisier]
    45 00000027 6A64                            push dword len
    46 00000029 6A01                            push dword 1
    47 0000002B 68[2C000000]                    push dword text
    48 00000030 FF15[00000000]                  call [fread]
    49 00000036 83C410                          add esp, 4*4
    50                                          
    51 00000039 A3[90000000]                    mov [lungime_sir], eax
    52                                          
    53                                          ;DETERMINAM NUMERELE
    54                                          
    55 0000003E 8B0D[90000000]                  mov ecx, [lungime_sir]
    56 00000044 BE[2C000000]                    mov esi, text
    57                                          
    58 00000049 BB00000000                      mov ebx, 0
    59 0000004E B800000000                      mov eax, 0
    60                                          Repeta:
    61 00000053 B800000000                          mov eax, 0
    62 00000058 AC                                  lodsb
    63 00000059 3C30                                cmp al, '0'
    64 0000005B 7211                                jb next
    65 0000005D 3C39                                cmp al, '9'
    66 0000005F 770D                                ja next
    67                                              
    68 00000061 F725[98000000]                      mul dword[zece]
    69                                              
    70 00000067 83E830                              sub eax, '0'
    71 0000006A 01C3                                add ebx, eax
    72 0000006C EB20                                jmp next2
    73                                              
    74                                              next:
    75 0000006E BA00000000                              mov edx, 0 
    76 00000073 F735[98000000]                          div dword[zece]
    77 00000079 89C3                                    mov ebx, eax
    78 0000007B 3B1D[94000000]                          cmp ebx, dword[numar]
    79 00000081 7206                                    jb next1
    80 00000083 891D[94000000]                          mov dword[numar], ebx
    81                                              next1:
    82 00000089 BB00000000                              mov ebx, 0
    83                                              next2:
    84                                                  
    85 0000008E E2C3                            loop Repeta
    86                                          
    87                                          ;AFISAM NUMARUL
    88                                          
    89 00000090 FF35[94000000]                  push dword [numar]
    90 00000096 68[00000000]                    push dword format_afisare
    91 0000009B FF35[28000000]                  push dword [descriptor_fisier]
    92 000000A1 FF15[00000000]                  call [fprintf]
    93 000000A7 83C40C                          add esp, 4*3
    94                                          
    95                                          ;INCHIDEM FISIERUL
    96                                          
    97 000000AA FF35[28000000]                  push dword [descriptor_fisier]
    98 000000B0 FF15[00000000]                  call [fclose]
    99 000000B6 83C404                          add esp, 4
   100                                          
   101                                          Sfarsit:
   102                                          
   103 000000B9 6A00                            push    dword 0
   104 000000BB FF15[00000000]                  call    [exit]
