     1                                  bits 32 ; assembling for the 32 bits architecture
     2                                  
     3                                  ; declare the EntryPoint (a label defining the very first instruction of the program)
     4                                  global start        
     5                                  
     6                                  ; declare external functions needed by our program
     7                                  extern exit               ; tell nasm that exit exists even if we won't be defining it
     8                                  import exit msvcrt.dll    ; exit is a function that ends the calling process. It is defined in msvcrt.dll
     9                                                            ; msvcrt.dll contains exit, printf and all the other important C-runtime specific functions
    10                                  
    11                                  ; our data is declared here (the variables needed by our program)
    12                                  segment data use32 class=data
    13 00000000 2300                        e dw 35
    14 00000002 04                          a db 4
    15                                  
    16                                  ; our code starts here
    17                                  segment code use32 class=code
    18                                      start:
    19                                          ; e-a*a
    20                                          
    21 00000000 A0[02000000]                    mov AL, [a]
    22 00000005 8A25[02000000]                  mov AH, [a]
    23 0000000B F6E0                            mul AL
    24                                          
    25 0000000D 6689C3                          mov BX, AX
    26                                          
    27 00000010 66A1[00000000]                  mov AX, [e]
    28 00000016 6629D8                          sub AX, BX
    29                                      
    30                                          ; exit(0)
    31 00000019 6A00                            push    dword 0      ; push the parameter for exit onto the stack
    32 0000001B FF15[00000000]                  call    [exit]       ; call exit to terminate the program
